2024-06-24 18:08:06,499 p=3444395 u=upszot n=ansible | [WARNING]: A duplicate localhost-like entry was found (localhost). First found localhost was 127.0.0.1

2024-06-24 18:08:06,598 p=3444395 u=upszot n=ansible | PLAY [all] **********************************************************************************************************************************************************************************************************************************
2024-06-24 18:08:06,609 p=3444395 u=upszot n=ansible | TASK [Gathering Facts] **********************************************************************************************************************************************************************************************************************
2024-06-24 18:08:07,746 p=3444395 u=upszot n=ansible | ok: [localhost]
2024-06-24 18:08:07,775 p=3444395 u=upszot n=ansible | TASK [include_role : 2do_parcial] ***********************************************************************************************************************************************************************************************************
2024-06-24 18:08:07,805 p=3444395 u=upszot n=ansible | TASK [2do_parcial : debug] ******************************************************************************************************************************************************************************************************************
2024-06-24 18:08:07,817 p=3444395 u=upszot n=ansible | ok: [localhost] => {
    "msg": "Tareas del 2do Parcial"
}
2024-06-24 18:08:07,836 p=3444395 u=upszot n=ansible | TASK [Otra tarea] ***************************************************************************************************************************************************************************************************************************
2024-06-24 18:08:07,851 p=3444395 u=upszot n=ansible | ok: [localhost] => {
    "msg": "Despues de la ejecucion del rol"
}
2024-06-24 18:08:07,885 p=3444395 u=upszot n=ansible | PLAY RECAP **********************************************************************************************************************************************************************************************************************************
2024-06-24 18:08:07,885 p=3444395 u=upszot n=ansible | localhost                  : ok=3    changed=0    unreachable=0    failed=0    skipped=0    rescued=0    ignored=0   
2026-06-23 18:42:21,769 p=17500 u=cornejo n=ansible | [WARNING]: A duplicate localhost-like entry was found (localhost). First found
localhost was 127.0.0.1

2026-06-23 18:42:21,989 p=17500 u=cornejo n=ansible | PLAY [all] *********************************************************************
2026-06-23 18:42:22,005 p=17500 u=cornejo n=ansible | TASK [Gathering Facts] *********************************************************
2026-06-23 18:42:22,119 p=17500 u=cornejo n=ansible | fatal: [127.0.0.1]: UNREACHABLE! => {"changed": false, "msg": "Failed to connect to the host via ssh: Warning: Permanently added '127.0.0.1' (ED25519) to the list of known hosts.\r\ncornejo@127.0.0.1: Permission denied (publickey,password).", "unreachable": true}
2026-06-23 18:42:22,967 p=17500 u=cornejo n=ansible | ok: [localhost]
2026-06-23 18:42:22,979 p=17500 u=cornejo n=ansible | TASK [include_role : 2do_parcial] **********************************************
2026-06-23 18:42:23,008 p=17500 u=cornejo n=ansible | TASK [2do_parcial : Crear estructura de directorios] ***************************
2026-06-23 18:42:23,262 p=17500 u=cornejo n=ansible | changed: [localhost] => (item=alumno)
2026-06-23 18:42:23,403 p=17500 u=cornejo n=ansible | changed: [localhost] => (item=equipo)
2026-06-23 18:42:23,410 p=17500 u=cornejo n=ansible | TASK [2do_parcial : Template datos alumno] *************************************
2026-06-23 18:42:23,879 p=17500 u=cornejo n=ansible | changed: [localhost]
2026-06-23 18:42:23,886 p=17500 u=cornejo n=ansible | TASK [2do_parcial : Template datos equipo] *************************************
2026-06-23 18:42:24,161 p=17500 u=cornejo n=ansible | changed: [localhost]
2026-06-23 18:42:24,165 p=17500 u=cornejo n=ansible | TASK [2do_parcial : Configurar sudoers para 2PSupervisores] ********************
2026-06-23 18:42:24,438 p=17500 u=cornejo n=ansible | An exception occurred during task execution. To see the full traceback, use -vvv. The error was: PermissionError: [Errno 13] Permission denied: b'/etc/sudoers'
2026-06-23 18:42:24,438 p=17500 u=cornejo n=ansible | fatal: [localhost]: FAILED! => {"changed": false, "module_stderr": "Traceback (most recent call last):\n  File \"/home/cornejo/.ansible/tmp/ansible-tmp-1782240144.1816313-17725-194777910298808/AnsiballZ_lineinfile.py\", line 102, in <module>\n    _ansiballz_main()\n  File \"/home/cornejo/.ansible/tmp/ansible-tmp-1782240144.1816313-17725-194777910298808/AnsiballZ_lineinfile.py\", line 94, in _ansiballz_main\n    invoke_module(zipped_mod, temp_path, ANSIBALLZ_PARAMS)\n  File \"/home/cornejo/.ansible/tmp/ansible-tmp-1782240144.1816313-17725-194777910298808/AnsiballZ_lineinfile.py\", line 40, in invoke_module\n    runpy.run_module(mod_name='ansible.modules.lineinfile', init_globals=None, run_name='__main__', alter_sys=True)\n  File \"/usr/lib/python3.10/runpy.py\", line 224, in run_module\n    return _run_module_code(code, init_globals, run_name, mod_spec)\n  File \"/usr/lib/python3.10/runpy.py\", line 96, in _run_module_code\n    _run_code(code, mod_globals, init_globals,\n  File \"/usr/lib/python3.10/runpy.py\", line 86, in _run_code\n    exec(code, run_globals)\n  File \"/tmp/ansible_lineinfile_payload_wbjsc2jc/ansible_lineinfile_payload.zip/ansible/modules/lineinfile.py\", line 580, in <module>\n  File \"/tmp/ansible_lineinfile_payload_wbjsc2jc/ansible_lineinfile_payload.zip/ansible/modules/lineinfile.py\", line 570, in main\n  File \"/tmp/ansible_lineinfile_payload_wbjsc2jc/ansible_lineinfile_payload.zip/ansible/modules/lineinfile.py\", line 277, in present\nPermissionError: [Errno 13] Permission denied: b'/etc/sudoers'\n", "module_stdout": "", "msg": "MODULE FAILURE\nSee stdout/stderr for the exact error", "rc": 1}
2026-06-23 18:42:24,439 p=17500 u=cornejo n=ansible | PLAY RECAP *********************************************************************
2026-06-23 18:42:24,439 p=17500 u=cornejo n=ansible | 127.0.0.1                  : ok=0    changed=0    unreachable=1    failed=0    skipped=0    rescued=0    ignored=0   
2026-06-23 18:42:24,439 p=17500 u=cornejo n=ansible | localhost                  : ok=4    changed=3    unreachable=0    failed=1    skipped=0    rescued=0    ignored=0   
2026-06-23 18:42:31,101 p=17800 u=cornejo n=ansible | [WARNING]: A duplicate localhost-like entry was found (localhost). First found
localhost was 127.0.0.1

2026-06-23 18:42:31,203 p=17800 u=cornejo n=ansible | PLAY [all] *********************************************************************
2026-06-23 18:42:31,212 p=17800 u=cornejo n=ansible | TASK [Gathering Facts] *********************************************************
2026-06-23 18:42:31,345 p=17800 u=cornejo n=ansible | fatal: [127.0.0.1]: UNREACHABLE! => {"changed": false, "msg": "Failed to connect to the host via ssh: Warning: Permanently added '127.0.0.1' (ED25519) to the list of known hosts.\r\ncornejo@127.0.0.1: Permission denied (publickey,password).", "unreachable": true}
2026-06-23 18:42:32,130 p=17800 u=cornejo n=ansible | ok: [localhost]
2026-06-23 18:42:32,143 p=17800 u=cornejo n=ansible | TASK [include_role : 2do_parcial] **********************************************
2026-06-23 18:42:32,168 p=17800 u=cornejo n=ansible | TASK [2do_parcial : Crear estructura de directorios] ***************************
2026-06-23 18:42:32,425 p=17800 u=cornejo n=ansible | ok: [localhost] => (item=alumno)
2026-06-23 18:42:32,571 p=17800 u=cornejo n=ansible | ok: [localhost] => (item=equipo)
2026-06-23 18:42:32,576 p=17800 u=cornejo n=ansible | TASK [2do_parcial : Template datos alumno] *************************************
2026-06-23 18:42:33,047 p=17800 u=cornejo n=ansible | ok: [localhost]
2026-06-23 18:42:33,052 p=17800 u=cornejo n=ansible | TASK [2do_parcial : Template datos equipo] *************************************
2026-06-23 18:42:33,407 p=17800 u=cornejo n=ansible | ok: [localhost]
2026-06-23 18:42:33,412 p=17800 u=cornejo n=ansible | TASK [2do_parcial : Configurar sudoers para 2PSupervisores] ********************
2026-06-23 18:42:33,664 p=17800 u=cornejo n=ansible | changed: [localhost]
2026-06-23 18:42:33,671 p=17800 u=cornejo n=ansible | TASK [Otra tarea] **************************************************************
2026-06-23 18:42:33,683 p=17800 u=cornejo n=ansible | ok: [localhost] => {
    "msg": "Despues de la ejecucion del rol"
}
2026-06-23 18:42:33,693 p=17800 u=cornejo n=ansible | PLAY RECAP *********************************************************************
2026-06-23 18:42:33,693 p=17800 u=cornejo n=ansible | 127.0.0.1                  : ok=0    changed=0    unreachable=1    failed=0    skipped=0    rescued=0    ignored=0   
2026-06-23 18:42:33,693 p=17800 u=cornejo n=ansible | localhost                  : ok=6    changed=1    unreachable=0    failed=0    skipped=0    rescued=0    ignored=0   
